<?xml version="1.0" encoding="UTF-8"?>
<testsuite xmlns:xsi="http://www.w3.org/2001/XMLSchema-instance" xsi:noNamespaceSchemaLocation="https://maven.apache.org/surefire/maven-surefire-plugin/xsd/surefire-test-report-3.0.xsd" version="3.0" name="com.example.demo.MappingApplicationTests" time="4.5" tests="1" errors="0" skipped="0" failures="0">
  <properties>
[...]
</properties>
  <testcase name="contextLoads" classname="com.example.demo.MappingApplicationTests" time="0.403">
    <system-out><![CDATA[16:47:23.897 [main] INFO org.springframework.test.context.support.AnnotationConfigContextLoaderUtils -- Could not detect default configuration classes for test class [com.example.demo.MappingApplicationTests]: MappingApplicationTests does not declare any static, non-private, non-final, nested classes annotated with @Configuration.
16:47:23.985 [main] INFO org.springframework.boot.test.context.SpringBootTestContextBootstrapper -- Found @SpringBootConfiguration com.example.demo.MappingApplication for test class com.example.demo.MappingApplicationTests

  .   ____          _            __ _ _
 /\\ / ___'_ __ _ _(_)_ __  __ _ \ \ \ \
( ( )\___ | '_ | '_| | '_ \/ _` | \ \ \ \
 \\/  ___)| |_)| | | | | || (_| |  ) ) ) )
  '  |____| .__|_| |_|_| |_\__, | / / / /
 =========|_|==============|___/=/_/_/_/
 :: Spring Boot ::                (v3.1.1)

2024-02-17T16:47:24.256+05:30  INFO 278570 --- [           main] c.example.demo.MappingApplicationTests   : Starting MappingApplicationTests using Java 17.0.9 with PID 278570 (started by khushbhutra in /home/khushbhutra/Appps/deleteRepo/cricApp/backend)
2024-02-17T16:47:24.258+05:30  INFO 278570 --- [           main] c.example.demo.MappingApplicationTests   : No active profile set, falling back to 1 default profile: "default"
2024-02-17T16:47:24.647+05:30  INFO 278570 --- [           main] .s.d.r.c.RepositoryConfigurationDelegate : Bootstrapping Spring Data JPA repositories in DEFAULT mode.
2024-02-17T16:47:24.684+05:30  INFO 278570 --- [           main] .s.d.r.c.RepositoryConfigurationDelegate : Finished Spring Data repository scanning in 31 ms. Found 2 JPA repository interfaces.
2024-02-17T16:47:25.126+05:30  INFO 278570 --- [           main] trationDelegate$BeanPostProcessorChecker : Bean 'org.springframework.ws.config.annotation.DelegatingWsConfiguration' of type [org.springframework.ws.config.annotation.DelegatingWsConfiguration$$SpringCGLIB$$0] is not eligible for getting processed by all BeanPostProcessors (for example: not eligible for auto-proxying)
2024-02-17T16:47:25.151+05:30  INFO 278570 --- [           main] .w.s.a.s.AnnotationActionEndpointMapping : Supporting [WS-Addressing August 2004, WS-Addressing 1.0]
2024-02-17T16:47:25.271+05:30  INFO 278570 --- [           main] o.hibernate.jpa.internal.util.LogHelper  : HHH000204: Processing PersistenceUnitInfo [name: default]
2024-02-17T16:47:25.303+05:30  INFO 278570 --- [           main] org.hibernate.Version                    : HHH000412: Hibernate ORM core version 6.2.5.Final
2024-02-17T16:47:25.305+05:30  INFO 278570 --- [           main] org.hibernate.cfg.Environment            : HHH000406: Using bytecode reflection optimizer
2024-02-17T16:47:25.406+05:30  INFO 278570 --- [           main] o.h.b.i.BytecodeProviderInitiator        : HHH000021: Bytecode provider name : bytebuddy
2024-02-17T16:47:25.502+05:30  INFO 278570 --- [           main] o.s.o.j.p.SpringPersistenceUnitInfo      : No LoadTimeWeaver setup: ignoring JPA class transformer
2024-02-17T16:47:25.517+05:30  INFO 278570 --- [           main] com.zaxxer.hikari.HikariDataSource       : HikariPool-1 - Starting...
2024-02-17T16:47:25.641+05:30  INFO 278570 --- [           main] com.zaxxer.hikari.pool.HikariPool        : HikariPool-1 - Added connection com.mysql.cj.jdbc.ConnectionImpl@305552d6
2024-02-17T16:47:25.643+05:30  INFO 278570 --- [           main] com.zaxxer.hikari.HikariDataSource       : HikariPool-1 - Start completed.
2024-02-17T16:47:25.862+05:30  INFO 278570 --- [           main] o.h.b.i.BytecodeProviderInitiator        : HHH000021: Bytecode provider name : bytebuddy
2024-02-17T16:47:26.394+05:30  INFO 278570 --- [           main] o.h.e.t.j.p.i.JtaPlatformInitiator       : HHH000490: Using JtaPlatform implementation: [org.hibernate.engine.transaction.jta.platform.internal.NoJtaPlatform]
Hibernate: 
    alter table players 
       modify column created_at  datetime(6) not null
Hibernate: 
    alter table players 
       modify column updated_at  datetime(6) not null
Hibernate: 
    alter table teams 
       modify column created_at  datetime(6) not null
Hibernate: 
    alter table teams 
       modify column updated_at  datetime(6) not null
2024-02-17T16:47:26.702+05:30  INFO 278570 --- [           main] j.LocalContainerEntityManagerFactoryBean : Initialized JPA EntityManagerFactory for persistence unit 'default'
2024-02-17T16:47:26.982+05:30  INFO 278570 --- [           main] o.s.d.j.r.query.QueryEnhancerFactory     : Hibernate is in classpath; If applicable, HQL parser will be used.
2024-02-17T16:47:27.262+05:30  WARN 278570 --- [           main] JpaBaseConfiguration$JpaWebConfiguration : spring.jpa.open-in-view is enabled by default. Therefore, database queries may be performed during view rendering. Explicitly configure spring.jpa.open-in-view to disable this warning
2024-02-17T16:47:27.780+05:30  INFO 278570 --- [           main] o.s.b.a.h2.H2ConsoleAutoConfiguration    : H2 console available at '/h2-console'. Database available at 'jdbc:mysql://localhost:3306/cricket_stats?useSSL=false&allowPublicKeyRetrieval=false'
2024-02-17T16:47:27.849+05:30  INFO 278570 --- [           main] c.example.demo.MappingApplicationTests   : Started MappingApplicationTests in 3.765 seconds (process running for 4.525)
]]></system-out>
  </testcase>
</testsuite>